2016-07-22 18:01:56 Debug: Notice (8): Undefined variable: image in [C:\wamp\www\sesephil\views\product_images\admin_index.ctp, line 24]
2016-07-22 18:02:07 Debug: Notice (8): Undefined variable: image in [C:\wamp\www\sesephil\views\product_images\admin_index.ctp, line 24]
2016-07-22 18:02:25 Debug: Notice (8): Undefined variable: image in [C:\wamp\www\sesephil\views\product_images\admin_index.ctp, line 24]
2016-07-22 18:18:48 Debug: Notice (8): Undefined variable: productImage in [C:\wamp\www\sesephil\views\pages\home.ctp, line 47]
2016-07-24 08:28:55 Debug: Notice (8): Undefined property: InquiryFilesController::$request in [C:\wamp\www\sesephil\controllers\inquiry_files_controller.php, line 127]
2016-07-24 08:28:55 Debug: Notice (8): Trying to get property of non-object in [C:\wamp\www\sesephil\controllers\inquiry_files_controller.php, line 127]
2016-07-24 08:35:30 Debug: Notice (8): Undefined property: InquiryFilesController::$request in [C:\wamp\www\sesephil\controllers\inquiry_files_controller.php, line 127]
2016-07-24 08:35:30 Debug: Notice (8): Trying to get property of non-object in [C:\wamp\www\sesephil\controllers\inquiry_files_controller.php, line 127]
2016-07-24 08:48:40 Debug: Notice (8): Array to string conversion in [C:\cake\libs\model\datasources\dbo_source.php, line 747]
2016-07-24 09:13:40 Debug: Notice (8): Undefined index: file_name in [C:\wamp\www\sesephil\controllers\inquiries_controller.php, line 120]
2016-07-24 09:13:40 Debug: Notice (8): Undefined index: file_name in [C:\wamp\www\sesephil\controllers\inquiries_controller.php, line 127]
2016-07-24 09:14:29 Debug: Notice (8): Undefined index: file_name in [C:\wamp\www\sesephil\controllers\inquiries_controller.php, line 120]
2016-07-24 09:14:29 Debug: Notice (8): Undefined index: file_name in [C:\wamp\www\sesephil\controllers\inquiries_controller.php, line 127]
2016-07-24 09:16:00 Debug: Notice (8): Undefined index: file_name in [C:\wamp\www\sesephil\controllers\inquiries_controller.php, line 120]
2016-07-24 09:16:01 Debug: Notice (8): Undefined index: file_name in [C:\wamp\www\sesephil\controllers\inquiries_controller.php, line 127]
2016-07-24 09:17:00 Debug: Notice (8): Undefined index: file_name in [C:\wamp\www\sesephil\controllers\inquiries_controller.php, line 120]
2016-07-24 09:17:00 Debug: Notice (8): Array to string conversion in [C:\cake\libs\model\datasources\dbo_source.php, line 747]
2016-07-24 09:17:30 Debug: Notice (8): Undefined index: file_name in [C:\wamp\www\sesephil\controllers\inquiries_controller.php, line 120]
2016-07-24 09:58:39 Debug: Notice (8): Undefined index: InquiryFile in [C:\wamp\www\sesephil\controllers\inquiries_controller.php, line 120]
2016-07-24 09:58:39 Debug: Notice (8): Undefined index: InquiryFile in [C:\wamp\www\sesephil\controllers\inquiries_controller.php, line 128]
2016-07-24 10:04:06 Debug: Notice (8): Undefined index: InquiryFile in [C:\wamp\www\sesephil\controllers\inquiries_controller.php, line 126]
2016-07-24 10:04:06 Debug: Notice (8): Undefined index: InquiryFile in [C:\wamp\www\sesephil\controllers\inquiries_controller.php, line 130]
2016-07-24 10:04:55 Debug: Notice (8): Undefined index: InquiryFile in [C:\wamp\www\sesephil\controllers\inquiries_controller.php, line 128]
2016-07-24 10:05:19 Debug: Notice (8): Undefined index: InquiryFile in [C:\wamp\www\sesephil\controllers\inquiries_controller.php, line 128]
2016-07-24 11:20:46 Debug: Notice (8): Undefined variable: data in [C:\wamp\www\sesephil\controllers\inquiries_controller.php, line 124]
2016-07-24 11:20:46 Debug: Notice (8): Array to string conversion in [C:\cake\libs\model\datasources\dbo_source.php, line 747]
2016-07-24 11:21:10 Debug: Notice (8): Array to string conversion in [C:\cake\libs\model\datasources\dbo_source.php, line 747]
2016-07-24 11:30:58 Debug: Notice (8): Undefined variable: data in [C:\wamp\www\sesephil\controllers\inquiries_controller.php, line 119]
2016-07-24 11:34:00 Debug: Notice (8): Undefined variable: from in [C:\wamp\www\sesephil\controllers\inquiries_controller.php, line 176]
2016-07-24 11:34:00 Debug: Notice (8): Undefined variable: subject in [C:\wamp\www\sesephil\controllers\inquiries_controller.php, line 177]
2016-07-24 11:34:00 Debug: Notice (8): Undefined variable: content in [C:\wamp\www\sesephil\controllers\inquiries_controller.php, line 178]
2016-07-24 11:56:55 Debug: Notice (8): Undefined variable: content in [C:\wamp\www\sesephil\controllers\inquiries_controller.php, line 163]
2016-07-24 12:21:19 Debug: Notice (8): Array to string conversion in [C:\wamp\www\sesephil\controllers\inquiries_controller.php, line 203]
2016-07-24 12:38:04 Debug: Notice (8): Undefined variable: attachement in [C:\wamp\www\sesephil\controllers\inquiries_controller.php, line 156]
2016-07-24 12:41:51 Debug: Notice (8): Undefined variable: attachement in [C:\wamp\www\sesephil\controllers\inquiries_controller.php, line 149]
2016-07-24 12:44:12 Debug: Notice (8): Undefined variable: attachement in [C:\wamp\www\sesephil\controllers\inquiries_controller.php, line 149]
2016-07-24 12:57:52 Debug: Notice (8): Undefined variable: attachement in [C:\wamp\www\sesephil\controllers\inquiries_controller.php, line 163]
2016-07-24 13:05:14 Debug: Notice (8): Undefined variable: smtp_errors in [C:\wamp\www\sesephil\views\elements\email\html\inquiry.ctp, line 1]
2016-07-24 13:05:14 Debug: Notice (8): Undefined variable:  in [C:\wamp\www\sesephil\views\elements\email\html\inquiry.ctp, line 1]
2016-07-24 13:05:55 Debug: Notice (8): Undefined variable: smtp_errors in [C:\wamp\www\sesephil\views\elements\email\html\inquiry.ctp, line 2]
2016-07-24 13:05:55 Debug: Notice (8): Undefined variable:  in [C:\wamp\www\sesephil\views\elements\email\html\inquiry.ctp, line 2]
2016-07-27 10:42:13 Debug: Notice (8): Undefined variable: product in [C:\wamp\www\sesephil\views\inquiries\send.ctp, line 9]
